---------- Date: 2015-03-18 08:38:59 ~ IP : 127.0.0.1 ----------
REQUEST URI : /gigprinting99/admin/index.php?route=design/banner&amp;token=940a1c00ea5433c5499429420a8aa8d0
MOD DETAILS:
   modFile   : D:\xampp\htdocs\gigprinting99\vqmod/xml/tm_description_banner_slideshow.xml
   id        : Tm description banners
   version   : 1.5.x
   vqmver    : 2.3.0
   author    : TM

File Name    : admin/model/design/banner.php(1)
VQModObject::applyMod - SEARCH NOT FOUND (ABORTING MOD): $banner_image_description_data[$banner_image_description['language_id']] = array('title' => $banner_image_description['title']);

----------------------------------------------------------------------


---------- Date: 2015-03-18 08:39:01 ~ IP : 127.0.0.1 ----------
REQUEST URI : /gigprinting99/admin/index.php?route=design/banner/update&amp;token=940a1c00ea5433c5499429420a8aa8d0&amp;banner_id=16
MOD DETAILS:
   modFile   : D:\xampp\htdocs\gigprinting99\vqmod/xml/tm_description_banner_slideshow.xml
   id        : Tm description banners
   version   : 1.5.x
   vqmver    : 2.3.0
   author    : TM

File Name    : admin/model/design/banner.php(1)
VQModObject::applyMod - SEARCH NOT FOUND (ABORTING MOD): $banner_image_description_data[$banner_image_description['language_id']] = array('title' => $banner_image_description['title']);

----------------------------------------------------------------------


---------- Date: 2015-03-18 08:45:45 ~ IP : 127.0.0.1 ----------
REQUEST URI : /gigprinting99/admin/index.php?route=design/banner&amp;token=67a488d31f41e629575f8ee0be6d7eb7
MOD DETAILS:
   modFile   : D:\xampp\htdocs\gigprinting99\vqmod/xml/tm_description_banner_slideshow.xml
   id        : Tm description banners
   version   : 1.5.x
   vqmver    : 2.3.0
   author    : TM

File Name    : admin/model/design/banner.php(1)
VQModObject::applyMod - SEARCH NOT FOUND (ABORTING MOD): $banner_image_description_data[$banner_image_description['language_id']] = array('title' => $banner_image_description['title']);

----------------------------------------------------------------------


---------- Date: 2015-03-18 08:45:46 ~ IP : 127.0.0.1 ----------
REQUEST URI : /gigprinting99/admin/index.php?route=design/banner/update&amp;token=67a488d31f41e629575f8ee0be6d7eb7&amp;banner_id=16
MOD DETAILS:
   modFile   : D:\xampp\htdocs\gigprinting99\vqmod/xml/tm_description_banner_slideshow.xml
   id        : Tm description banners
   version   : 1.5.x
   vqmver    : 2.3.0
   author    : TM

File Name    : admin/model/design/banner.php(1)
VQModObject::applyMod - SEARCH NOT FOUND (ABORTING MOD): $banner_image_description_data[$banner_image_description['language_id']] = array('title' => $banner_image_description['title']);

----------------------------------------------------------------------


---------- Date: 2015-03-18 08:46:57 ~ IP : 127.0.0.1 ----------
REQUEST URI : /gigprinting99/admin/index.php?route=design/banner/update&amp;token=67a488d31f41e629575f8ee0be6d7eb7&amp;banner_id=16
MOD DETAILS:
   modFile   : D:\xampp\htdocs\gigprinting99\vqmod/xml/tm_description_banner_slideshow.xml
   id        : Tm description banners
   version   : 1.5.x
   vqmver    : 2.3.0
   author    : TM

File Name    : admin/model/design/banner.php(1)
VQModObject::applyMod - SEARCH NOT FOUND (ABORTING MOD): $banner_image_description_data[$banner_image_description['language_id']] = array('title' => $banner_image_description['title']);

----------------------------------------------------------------------


---------- Date: 2015-03-18 08:49:13 ~ IP : 127.0.0.1 ----------
REQUEST URI : /gigprinting99/admin/index.php?route=design/banner/update&amp;token=67a488d31f41e629575f8ee0be6d7eb7&amp;banner_id=16
MOD DETAILS:
   modFile   : D:\xampp\htdocs\gigprinting99\vqmod/xml/tm_description_banner_slideshow.xml
   id        : Tm description banners
   version   : 1.5.x
   vqmver    : 2.3.0
   author    : TM

File Name    : admin/model/design/banner.php(1)
VQModObject::applyMod - SEARCH NOT FOUND (ABORTING MOD): $banner_image_description_data[$banner_image_description['language_id']] = array('title' => $banner_image_description['title']);

----------------------------------------------------------------------


---------- Date: 2015-03-18 08:49:13 ~ IP : 127.0.0.1 ----------
REQUEST URI : /gigprinting99/admin/index.php?route=design/banner&amp;token=67a488d31f41e629575f8ee0be6d7eb7
MOD DETAILS:
   modFile   : D:\xampp\htdocs\gigprinting99\vqmod/xml/tm_description_banner_slideshow.xml
   id        : Tm description banners
   version   : 1.5.x
   vqmver    : 2.3.0
   author    : TM

File Name    : admin/model/design/banner.php(1)
VQModObject::applyMod - SEARCH NOT FOUND (ABORTING MOD): $banner_image_description_data[$banner_image_description['language_id']] = array('title' => $banner_image_description['title']);

----------------------------------------------------------------------


---------- Date: 2015-03-18 08:49:16 ~ IP : 127.0.0.1 ----------
REQUEST URI : /gigprinting99/admin/index.php?route=design/banner/update&amp;token=67a488d31f41e629575f8ee0be6d7eb7&amp;banner_id=16
MOD DETAILS:
   modFile   : D:\xampp\htdocs\gigprinting99\vqmod/xml/tm_description_banner_slideshow.xml
   id        : Tm description banners
   version   : 1.5.x
   vqmver    : 2.3.0
   author    : TM

File Name    : admin/model/design/banner.php(1)
VQModObject::applyMod - SEARCH NOT FOUND (ABORTING MOD): $banner_image_description_data[$banner_image_description['language_id']] = array('title' => $banner_image_description['title']);

----------------------------------------------------------------------


