---------- Date: 2015-04-23 16:24:26 ~ IP : ::1 ----------
REQUEST URI : /gig_printing/admin/index.php?route=common/filemanager&amp;token=e5466758f0b985d489f79f0fe63278a7&amp;field=image
MOD DETAILS:
   modFile   : E:\DATA\WEB\Run\htdocs\gig_printing\vqmod/xml/tm_filemanager.xml
   id        : upload file size limit
   version   : 1.0.0
   vqmver    : 2.3.0
   author    : TM

File Name    : admin/controller/common/filemanager.php(0)
VQModObject::applyMod - SEARCH NOT FOUND (ABORTING MOD): if ($this->request->files['image']['size'] > 300000) {
----------------------------------------------------------------------


---------- Date: 2015-04-23 17:01:25 ~ IP : ::1 ----------
REQUEST URI : /gig_printing/admin/index.php?route=design/banner&amp;token=e5466758f0b985d489f79f0fe63278a7
MOD DETAILS:
   modFile   : E:\DATA\WEB\Run\htdocs\gig_printing\vqmod/xml/tm_description_banner_slideshow.xml
   id        : Tm description banners
   version   : 1.5.x
   vqmver    : 2.3.0
   author    : TM

File Name    : admin/model/design/banner.php(0)
VQModObject::applyMod - SEARCH NOT FOUND (ABORTING MOD): $this->db->query("INSERT INTO " . DB_PREFIX . "banner_image_description SET banner_image_id = '" . (int)$banner_image_id . "', language_id = '" . (int)$language_id . "', banner_id = '" . (int)$banner_id . "', title = '" .  $this->db->escape($banner_image_description['title']) . "'");

----------------------------------------------------------------------


---------- Date: 2015-04-23 17:01:29 ~ IP : ::1 ----------
REQUEST URI : /gig_printing/admin/index.php?route=design/banner/update&amp;token=e5466758f0b985d489f79f0fe63278a7&amp;banner_id=16
MOD DETAILS:
   modFile   : E:\DATA\WEB\Run\htdocs\gig_printing\vqmod/xml/tm_description_banner_slideshow.xml
   id        : Tm description banners
   version   : 1.5.x
   vqmver    : 2.3.0
   author    : TM

File Name    : admin/model/design/banner.php(0)
VQModObject::applyMod - SEARCH NOT FOUND (ABORTING MOD): $this->db->query("INSERT INTO " . DB_PREFIX . "banner_image_description SET banner_image_id = '" . (int)$banner_image_id . "', language_id = '" . (int)$language_id . "', banner_id = '" . (int)$banner_id . "', title = '" .  $this->db->escape($banner_image_description['title']) . "'");

----------------------------------------------------------------------


---------- Date: 2015-04-23 17:01:36 ~ IP : ::1 ----------
REQUEST URI : /gig_printing/admin/index.php?route=design/banner/update&amp;token=e5466758f0b985d489f79f0fe63278a7&amp;banner_id=16
MOD DETAILS:
   modFile   : E:\DATA\WEB\Run\htdocs\gig_printing\vqmod/xml/tm_description_banner_slideshow.xml
   id        : Tm description banners
   version   : 1.5.x
   vqmver    : 2.3.0
   author    : TM

File Name    : admin/model/design/banner.php(0)
VQModObject::applyMod - SEARCH NOT FOUND (ABORTING MOD): $this->db->query("INSERT INTO " . DB_PREFIX . "banner_image_description SET banner_image_id = '" . (int)$banner_image_id . "', language_id = '" . (int)$language_id . "', banner_id = '" . (int)$banner_id . "', title = '" .  $this->db->escape($banner_image_description['title']) . "'");

----------------------------------------------------------------------


---------- Date: 2015-04-23 17:01:37 ~ IP : ::1 ----------
REQUEST URI : /gig_printing/admin/index.php?route=design/banner&amp;token=e5466758f0b985d489f79f0fe63278a7
MOD DETAILS:
   modFile   : E:\DATA\WEB\Run\htdocs\gig_printing\vqmod/xml/tm_description_banner_slideshow.xml
   id        : Tm description banners
   version   : 1.5.x
   vqmver    : 2.3.0
   author    : TM

File Name    : admin/model/design/banner.php(0)
VQModObject::applyMod - SEARCH NOT FOUND (ABORTING MOD): $this->db->query("INSERT INTO " . DB_PREFIX . "banner_image_description SET banner_image_id = '" . (int)$banner_image_id . "', language_id = '" . (int)$language_id . "', banner_id = '" . (int)$banner_id . "', title = '" .  $this->db->escape($banner_image_description['title']) . "'");

----------------------------------------------------------------------


